<?xml version="1.0" encoding="UTF-8"?>
<testsuite name="SecessionManagerTest" tests="2" skipped="0" failures="0" errors="0" timestamp="2023-11-11T06:31:12" hostname="CatherinedeMacBook-Pro-2.local" time="0.002">
  <properties/>
  <testcase name="testLogin" classname="SecessionManagerTest" time="0.002"/>
  <testcase name="testLogout" classname="SecessionManagerTest" time="0.0"/>
  <system-out><![CDATA[]]></system-out>
  <system-err><![CDATA[]]></system-err>
</testsuite>
